<?xml version="1.0" encoding="UTF-8"?>
<!-- Generated by org.testng.reporters.JUnitXMLReporter -->
<testsuite ignored="0" hostname="LAPTOP-KFK3ABT0" failures="0" tests="6" name="Default test" time="39.332" errors="0" timestamp="2023-11-29T10:45:00 IST">
  <testcase classname="dd151.challenge.CalendarTest2" name="testCalendar" time="4.586"/>
  <testcase classname="dd151.challenge.CalendarTest2" name="testCalendar" time="4.754"/>
  <testcase classname="dd151.challenge.CalendarTest2" name="testCalendar" time="3.051"/>
  <testcase classname="dd151.challenge.CalendarTest2" name="testCalendar" time="3.489"/>
  <testcase classname="dd151.challenge.CalendarTest2" name="testCalendar" time="2.994"/>
  <testcase classname="dd151.challenge.CalendarTest2" name="testCalendar" time="3.264"/>
</testsuite> <!-- Default test -->
