<?xml version="1.0" encoding="UTF-8"?>
<testng-results ignored="0" total="6" passed="6" failed="0" skipped="0">
  <reporter-output>
  </reporter-output>
  <suite started-at="2023-11-29T10:44:21 IST" name="Default suite" finished-at="2023-11-29T10:45:00 IST" duration-ms="39332">
    <groups>
    </groups>
    <test started-at="2023-11-29T10:44:21 IST" name="Default test" finished-at="2023-11-29T10:45:00 IST" duration-ms="39332">
      <class name="dd151.challenge.CalendarTest2">
        <test-method is-config="true" signature="setup()[pri:0, instance:dd151.challenge.CalendarTest2@3e27aa33]" started-at="2023-11-29T10:44:21 IST" name="setup" finished-at="2023-11-29T10:44:36 IST" duration-ms="14482" status="PASS">
          <reporter-output>
          </reporter-output>
        </test-method> <!-- setup -->
        <test-method signature="testCalendar(java.lang.String,java.lang.String)[pri:0, instance:dd151.challenge.CalendarTest2@3e27aa33]" started-at="2023-11-29T10:44:36 IST" name="testCalendar" data-provider="datePickerDataProvider" finished-at="2023-11-29T10:44:40 IST" duration-ms="4586" status="PASS">
          <params>
            <param index="0">
              <value>
                <![CDATA[05 November 2023]]>
              </value>
            </param>
            <param index="1">
              <value>
                <![CDATA[1]]>
              </value>
            </param>
          </params>
          <reporter-output>
          </reporter-output>
        </test-method> <!-- testCalendar -->
        <test-method signature="testCalendar(java.lang.String,java.lang.String)[pri:0, instance:dd151.challenge.CalendarTest2@3e27aa33]" started-at="2023-11-29T10:44:40 IST" name="testCalendar" data-provider="datePickerDataProvider" finished-at="2023-11-29T10:44:45 IST" duration-ms="4754" status="PASS">
          <params>
            <param index="0">
              <value>
                <![CDATA[08 May 2024]]>
              </value>
            </param>
            <param index="1">
              <value>
                <![CDATA[2]]>
              </value>
            </param>
          </params>
          <reporter-output>
          </reporter-output>
        </test-method> <!-- testCalendar -->
        <test-method signature="testCalendar(java.lang.String,java.lang.String)[pri:0, instance:dd151.challenge.CalendarTest2@3e27aa33]" started-at="2023-11-29T10:44:45 IST" name="testCalendar" data-provider="datePickerDataProvider" finished-at="2023-11-29T10:44:48 IST" duration-ms="3051" status="PASS">
          <params>
            <param index="0">
              <value>
                <![CDATA[01 June 2027]]>
              </value>
            </param>
            <param index="1">
              <value>
                <![CDATA[3]]>
              </value>
            </param>
          </params>
          <reporter-output>
          </reporter-output>
        </test-method> <!-- testCalendar -->
        <test-method signature="testCalendar(java.lang.String,java.lang.String)[pri:0, instance:dd151.challenge.CalendarTest2@3e27aa33]" started-at="2023-11-29T10:44:48 IST" name="testCalendar" data-provider="datePickerDataProvider" finished-at="2023-11-29T10:44:52 IST" duration-ms="3489" status="PASS">
          <params>
            <param index="0">
              <value>
                <![CDATA[17 April 2029]]>
              </value>
            </param>
            <param index="1">
              <value>
                <![CDATA[4]]>
              </value>
            </param>
          </params>
          <reporter-output>
          </reporter-output>
        </test-method> <!-- testCalendar -->
        <test-method signature="testCalendar(java.lang.String,java.lang.String)[pri:0, instance:dd151.challenge.CalendarTest2@3e27aa33]" started-at="2023-11-29T10:44:52 IST" name="testCalendar" data-provider="datePickerDataProvider" finished-at="2023-11-29T10:44:55 IST" duration-ms="2994" status="PASS">
          <params>
            <param index="0">
              <value>
                <![CDATA[08 December 2023]]>
              </value>
            </param>
            <param index="1">
              <value>
                <![CDATA[5]]>
              </value>
            </param>
          </params>
          <reporter-output>
          </reporter-output>
        </test-method> <!-- testCalendar -->
        <test-method signature="testCalendar(java.lang.String,java.lang.String)[pri:0, instance:dd151.challenge.CalendarTest2@3e27aa33]" started-at="2023-11-29T10:44:55 IST" name="testCalendar" data-provider="datePickerDataProvider" finished-at="2023-11-29T10:44:58 IST" duration-ms="3264" status="PASS">
          <params>
            <param index="0">
              <value>
                <![CDATA[12 January 2024]]>
              </value>
            </param>
            <param index="1">
              <value>
                <![CDATA[6]]>
              </value>
            </param>
          </params>
          <reporter-output>
          </reporter-output>
        </test-method> <!-- testCalendar -->
        <test-method is-config="true" signature="tearDown()[pri:0, instance:dd151.challenge.CalendarTest2@3e27aa33]" started-at="2023-11-29T10:44:58 IST" name="tearDown" finished-at="2023-11-29T10:45:00 IST" duration-ms="2547" status="PASS">
          <reporter-output>
          </reporter-output>
        </test-method> <!-- tearDown -->
      </class> <!-- dd151.challenge.CalendarTest2 -->
    </test> <!-- Default test -->
  </suite> <!-- Default suite -->
</testng-results>
